[2025-01-31 12:24:08] local.INFO: Loaded tenants: [{"id":1,"domain":"app","data":null,"created_at":"2025-01-28T17:26:26.000000Z","updated_at":"2025-01-28T17:26:26.000000Z","tenancy_db_name":"tenant_app"}] 
[2025-01-31 12:24:08] local.INFO: TenantInitializeBootstrapper revert called  
[2025-01-31 12:24:08] local.INFO: Loaded tenants: [{"id":1,"domain":"app","data":null,"created_at":"2025-01-28T17:26:26.000000Z","updated_at":"2025-01-28T17:26:26.000000Z","tenancy_db_name":"tenant_app"}] 
[2025-01-31 12:25:02] local.INFO: Loaded tenants: [{"id":1,"domain":"app","data":null,"created_at":"2025-01-28T17:26:26.000000Z","updated_at":"2025-01-28T17:26:26.000000Z","tenancy_db_name":"tenant_app"}] 
[2025-01-31 12:25:02] local.ERROR: Illuminate\Log\LogManager::info(): Argument #2 ($context) must be of type array, Illuminate\Database\Eloquent\Collection given, called in /var/www/html/vendor/laravel/framework/src/Illuminate/Support/Facades/Facade.php on line 361 {"exception":"[object] (TypeError(code: 0): Illuminate\\Log\\LogManager::info(): Argument #2 ($context) must be of type array, Illuminate\\Database\\Eloquent\\Collection given, called in /var/www/html/vendor/laravel/framework/src/Illuminate/Support/Facades/Facade.php on line 361 at /var/www/html/vendor/laravel/framework/src/Illuminate/Log/LogManager.php:740)
[stacktrace]
#0 /var/www/html/vendor/laravel/framework/src/Illuminate/Support/Facades/Facade.php(361): Illuminate\\Log\\LogManager->info()
#1 /var/www/html/app/Jobs/MonthlyIncomeJob.php(76): Illuminate\\Support\\Facades\\Facade::__callStatic()
#2 /var/www/html/app/Jobs/MonthlyIncomeJob.php(45): App\\Jobs\\MonthlyIncomeJob->getUsersWithEarnings()
#3 /var/www/html/vendor/laravel/framework/src/Illuminate/Container/BoundMethod.php(36): App\\Jobs\\MonthlyIncomeJob->handle()
#4 /var/www/html/vendor/laravel/framework/src/Illuminate/Container/Util.php(43): Illuminate\\Container\\BoundMethod::{closure:Illuminate\\Container\\BoundMethod::call():35}()
#5 /var/www/html/vendor/laravel/framework/src/Illuminate/Container/BoundMethod.php(95): Illuminate\\Container\\Util::unwrapIfClosure()
#6 /var/www/html/vendor/laravel/framework/src/Illuminate/Container/BoundMethod.php(35): Illuminate\\Container\\BoundMethod::callBoundMethod()
#7 /var/www/html/vendor/laravel/framework/src/Illuminate/Container/Container.php(694): Illuminate\\Container\\BoundMethod::call()
#8 /var/www/html/vendor/laravel/framework/src/Illuminate/Bus/Dispatcher.php(126): Illuminate\\Container\\Container->call()
#9 /var/www/html/vendor/laravel/framework/src/Illuminate/Pipeline/Pipeline.php(170): Illuminate\\Bus\\Dispatcher->{closure:Illuminate\\Bus\\Dispatcher::dispatchNow():123}()
#10 /var/www/html/vendor/laravel/framework/src/Illuminate/Pipeline/Pipeline.php(127): Illuminate\\Pipeline\\Pipeline->{closure:Illuminate\\Pipeline\\Pipeline::prepareDestination():168}()
#11 /var/www/html/vendor/laravel/framework/src/Illuminate/Bus/Dispatcher.php(130): Illuminate\\Pipeline\\Pipeline->then()
#12 /var/www/html/vendor/laravel/framework/src/Illuminate/Queue/CallQueuedHandler.php(124): Illuminate\\Bus\\Dispatcher->dispatchNow()
#13 /var/www/html/vendor/laravel/framework/src/Illuminate/Pipeline/Pipeline.php(170): Illuminate\\Queue\\CallQueuedHandler->{closure:Illuminate\\Queue\\CallQueuedHandler::dispatchThroughMiddleware():123}()
#14 /var/www/html/vendor/laravel/framework/src/Illuminate/Pipeline/Pipeline.php(127): Illuminate\\Pipeline\\Pipeline->{closure:Illuminate\\Pipeline\\Pipeline::prepareDestination():168}()
#15 /var/www/html/vendor/laravel/framework/src/Illuminate/Queue/CallQueuedHandler.php(123): Illuminate\\Pipeline\\Pipeline->then()
#16 /var/www/html/vendor/laravel/framework/src/Illuminate/Queue/CallQueuedHandler.php(71): Illuminate\\Queue\\CallQueuedHandler->dispatchThroughMiddleware()
#17 /var/www/html/vendor/laravel/framework/src/Illuminate/Queue/Jobs/Job.php(102): Illuminate\\Queue\\CallQueuedHandler->call()
#18 /var/www/html/vendor/laravel/framework/src/Illuminate/Queue/Worker.php(442): Illuminate\\Queue\\Jobs\\Job->fire()
#19 /var/www/html/vendor/laravel/framework/src/Illuminate/Queue/Worker.php(392): Illuminate\\Queue\\Worker->process()
#20 /var/www/html/vendor/laravel/framework/src/Illuminate/Queue/Worker.php(178): Illuminate\\Queue\\Worker->runJob()
#21 /var/www/html/vendor/laravel/framework/src/Illuminate/Queue/Console/WorkCommand.php(149): Illuminate\\Queue\\Worker->daemon()
#22 /var/www/html/vendor/laravel/framework/src/Illuminate/Queue/Console/WorkCommand.php(132): Illuminate\\Queue\\Console\\WorkCommand->runWorker()
#23 /var/www/html/vendor/laravel/framework/src/Illuminate/Container/BoundMethod.php(36): Illuminate\\Queue\\Console\\WorkCommand->handle()
#24 /var/www/html/vendor/laravel/framework/src/Illuminate/Container/Util.php(43): Illuminate\\Container\\BoundMethod::{closure:Illuminate\\Container\\BoundMethod::call():35}()
#25 /var/www/html/vendor/laravel/framework/src/Illuminate/Container/BoundMethod.php(95): Illuminate\\Container\\Util::unwrapIfClosure()
#26 /var/www/html/vendor/laravel/framework/src/Illuminate/Container/BoundMethod.php(35): Illuminate\\Container\\BoundMethod::callBoundMethod()
#27 /var/www/html/vendor/laravel/framework/src/Illuminate/Container/Container.php(694): Illuminate\\Container\\BoundMethod::call()
#28 /var/www/html/vendor/laravel/framework/src/Illuminate/Console/Command.php(213): Illuminate\\Container\\Container->call()
#29 /var/www/html/vendor/symfony/console/Command/Command.php(279): Illuminate\\Console\\Command->execute()
#30 /var/www/html/vendor/laravel/framework/src/Illuminate/Console/Command.php(182): Symfony\\Component\\Console\\Command\\Command->run()
#31 /var/www/html/vendor/symfony/console/Application.php(1094): Illuminate\\Console\\Command->run()
#32 /var/www/html/vendor/symfony/console/Application.php(342): Symfony\\Component\\Console\\Application->doRunCommand()
#33 /var/www/html/vendor/symfony/console/Application.php(193): Symfony\\Component\\Console\\Application->doRun()
#34 /var/www/html/vendor/laravel/framework/src/Illuminate/Foundation/Console/Kernel.php(198): Symfony\\Component\\Console\\Application->run()
#35 /var/www/html/vendor/laravel/framework/src/Illuminate/Foundation/Application.php(1208): Illuminate\\Foundation\\Console\\Kernel->handle()
#36 /var/www/html/artisan(13): Illuminate\\Foundation\\Application->handleCommand()
#37 {main}
"} 
[2025-01-31 12:26:01] local.INFO: Loaded tenants: [{"id":1,"domain":"app","data":null,"created_at":"2025-01-28T17:26:26.000000Z","updated_at":"2025-01-28T17:26:26.000000Z","tenancy_db_name":"tenant_app"}] 
[2025-01-31 12:26:01] local.INFO: Users with earnings: [1] 
[2025-01-31 12:27:01] local.INFO: TenantInitializeBootstrapper revert called  
[2025-01-31 12:27:01] local.INFO: Loaded tenants: [{"id":1,"domain":"app","data":null,"created_at":"2025-01-28T17:26:26.000000Z","updated_at":"2025-01-28T17:26:26.000000Z","tenancy_db_name":"tenant_app"}] 
[2025-01-31 12:27:01] local.INFO: Users with earnings: [1] 
[2025-01-31 12:28:01] local.INFO: TenantInitializeBootstrapper revert called  
[2025-01-31 12:28:01] local.INFO: Loaded tenants: [{"id":1,"domain":"app","data":null,"created_at":"2025-01-28T17:26:26.000000Z","updated_at":"2025-01-28T17:26:26.000000Z","tenancy_db_name":"tenant_app"}] 
[2025-01-31 12:28:01] local.INFO: Users with earnings: [1] 
